2023-09-05 09:13:49.320 - DBeaver 23.1.5.202308201919 is starting
2023-09-05 09:13:49.321 - OS: Windows 11 10.0 (amd64)
2023-09-05 09:13:49.322 - Java version: 17.0.6 by Eclipse Adoptium (64bit)
2023-09-05 09:13:49.322 - Install path: 'C:\Srpingframework\resource\dbeaver'
2023-09-05 09:13:49.322 - Instance path: 'file:/C:/Srpingframework/workspace/script/'
2023-09-05 09:13:49.322 - Memory available 64Mb/1024Mb
2023-09-05 09:13:49.337 - Create display
2023-09-05 09:13:49.438 - Initializing DBeaver 23.1.5
2023-09-05 09:13:49.438 - Host plugin: org.jkiss.dbeaver.ui.app.standalone 23.1.5.202308201919
2023-09-05 09:13:49.439 - Initialize desktop platform...
2023-09-05 09:13:49.574 - BounceCastle bundle found. Use JCE provider BC
> Start Core File Systems [org.eclipse.core.filesystem 1.10.0.v20230425-0513]
> Start Core Resource Management [org.eclipse.core.resources 3.19.0.v20230510-1240]
> Start Team Support Core [org.eclipse.team.core 3.10.0.v20230317-0901]
> Start DBeaver UI Navigator [org.jkiss.dbeaver.ui.navigator 1.0.112.202308201919]
2023-09-05 09:13:50.042 - Initialize base platform...
2023-09-05 09:13:50.114 - Platform initialized (675ms)
> Start DBeaver UI Editors - Base [org.jkiss.dbeaver.ui.editors.base 1.0.112.202308201919]
2023-09-05 09:13:50.156 - Starting instance server at http://localhost:55313
2023-09-05 09:13:50.202 - Run workbench
> Start DBeaver UI [org.jkiss.dbeaver.ui 5.1.127.202308201919]
> Start Eclipse e4 Workbench SWT [org.eclipse.e4.ui.workbench.swt 0.17.0.v20230501-1823]
> Start Eclipse Application Services [org.eclipse.e4.core.services 2.4.0.v20230429-1914]
> Start Eclipse UI Application Services [org.eclipse.e4.ui.services 1.6.0.v20230501-1823]
> Start Eclipse e4 Progress View [org.eclipse.e4.ui.progress 0.4.0.v20230501-1823]
> Start Eclipse Bindings Support [org.eclipse.e4.ui.bindings 0.14.0.v20230501-1823]
> Start Eclipse e4 core commands [org.eclipse.e4.core.commands 1.1.0.v20230501-1823]
> Start EMF XML/XMI Persistence [org.eclipse.emf.ecore.xmi 2.18.0.v20230211-1150]
> Start Eclipse CSS SWT Theme Support [org.eclipse.e4.ui.css.swt.theme 0.14.0.v20230501-1533]
> Start Eclipse e4 Workbench Add-ons [org.eclipse.e4.ui.workbench.addons.swt 1.5.0.v20230501-1823]
> Start Eclipse e4 Workbench SWT Renderer [org.eclipse.e4.ui.workbench.renderers.swt 0.16.0.v20230525-0648]
> Start Eclipse Dependency Injection Extensions [org.eclipse.e4.core.di.extensions 0.18.0.v20230429-1914]
> Start Eclipse CSS SWT Support [org.eclipse.e4.ui.css.swt 0.15.0.v20230317-0802]
> Start jna [com.sun.jna 5.13.0]
2023-09-05 09:14:11.230 - Configure workbench window
> Start DBeaver SQL Model [org.jkiss.dbeaver.model.sql 1.0.102.202308201919]
2023-09-05 09:14:11.384 - Total database drivers: 106 (106)
> Start Help System Core [org.eclipse.help 3.10.0.v20230317-0802]
2023-09-05 09:14:11.449 - Create actions
2023-09-05 09:14:11.453 - Disable Eclipse action set 'org.eclipse.ui.edit.text.actionSet.annotationNavigation'
2023-09-05 09:14:11.453 - Disable Eclipse action set 'org.eclipse.ui.WorkingSetActionSet'
2023-09-05 09:14:11.453 - Disable Eclipse action set 'org.eclipse.ui.actionSet.openFiles'
2023-09-05 09:14:11.776 - Initialize workbench window
2023-09-05 09:14:11.776 - Finish initialization
> Start Default Text Editor [org.eclipse.ui.editors 3.16.0.v20230329-1609]
> Start Text Editor Framework [org.eclipse.ui.workbench.texteditor 3.17.0.v20230316-1200]
> Start DBeaver UI Editors - Data [org.jkiss.dbeaver.ui.editors.data 1.0.112.202308201919]
Warning: NLS unused message: actions_navigator__objects in: org.jkiss.dbeaver.ui.editors.sql.internal.SQLEditorMessages
> Start DBeaver UI Editors - SQL [org.jkiss.dbeaver.ui.editors.sql 1.0.112.202308201919]
> Start DBeaver SQL Terminal [org.jkiss.dbeaver.ui.editors.sql.terminal 1.0.88.202308201919]
> Start Core Compare Support [org.eclipse.compare.core 3.8.0.v20230517-1315]
> Start Equinox Java Authentication and Authorization Service (JAAS) [org.eclipse.equinox.security 1.3.1000.v20220801-1135]
> Start Internet Connection Management UI [org.eclipse.ui.net 1.5.0.v20230317-0901]
> Start Internet Connection Management [org.eclipse.core.net 1.5.0.v20230317-0901]
> Start DBeaver Sample Database [org.jkiss.dbeaver.ext.sample.database 1.0.149.202308201919]
> Start DBeaver Tip of the day [org.jkiss.dbeaver.ext.ui.tipoftheday 1.0.118.202308201919]
> Start GEF Classic Draw2d [org.eclipse.draw2d 3.13.0.202306071707]
> Start GEF Classic GEF (MVC) [org.eclipse.gef 3.14.0.202306071707]
> Start DBeaver ERD UI [org.jkiss.dbeaver.erd.ui 3.0.72.202308201919]
> Start DBeaver ERD Model [org.jkiss.dbeaver.erd.model 1.0.72.202308201919]
> Start Console [org.eclipse.ui.console 3.12.0.v20230317-0802]
> Start Debug Core [org.eclipse.debug.core 3.21.0.v20230508-1538]
2023-09-05 09:14:14.243 - Connect with 'localhost' (oracle_thin-18a3aad3c50-229ca627a82df3a1)
> Start DBeaver JDBC Model [org.jkiss.dbeaver.model.jdbc 1.0.5.202308201919]
> Start DBeaver Oracle Model [org.jkiss.dbeaver.ext.oracle 2.1.197.202308201919]
2023-09-05 09:14:14.289 - Execution context opened (localhost; Main; 0)
2023-09-05 09:14:14.721 - Execution context opened (localhost; Metadata; 1)
2023-09-05 09:14:14.781 - Connected (oracle_thin-18a3aad3c50-229ca627a82df3a1, Oracle JDBC driver [11.2.0.2.0])
2023-09-05 09:14:14.783 - Execution context opened (localhost; SQLEditor <reply.sql>; 2)
2023-09-05 09:14:16.550 - Open [https://dbeaver.io/product/version.xml]
2023-09-05 12:56:45.533 - System suspend detected! Reinitialize all remote connections.
> Start DBeaver Tasks - Native Tools UI [org.jkiss.dbeaver.tasks.native.ui 1.0.90.202308201919]
> Start DBeaver Oracle UI [org.jkiss.dbeaver.ext.oracle.ui 1.0.99.202308201919]
> Start DBeaver Tasks - General UI [org.jkiss.dbeaver.tasks.ui 1.0.90.202308201919]
2023-09-05 13:07:37.109 - Execution context opened (localhost; SQLEditor <Script.sql>; 3)
> Start DBeaver SQL Language Semantic Model [org.jkiss.dbeaver.model.lsm 1.0.7.202308201919]
2023-09-05 13:17:36.836 - Error resolving object
org.jkiss.dbeaver.DBException: TABLE 'TBL_FILE' not found in schema 'HR'
	at org.jkiss.dbeaver.ext.oracle.model.OracleStructureAssistant$2.resolveObject(OracleStructureAssistant.java:334)
	at org.jkiss.dbeaver.ui.editors.sql.dialogs.SuggestionInformationControl$1.run(SuggestionInformationControl.java:130)
	at org.jkiss.dbeaver.model.runtime.AbstractJob.run(AbstractJob.java:105)
	at org.eclipse.core.internal.jobs.Worker.run(Worker.java:63)
2023-09-05 15:43:34.689 - Execution context closed (localhost, 2)
2023-09-05 15:43:34.725 - Execution context closed (localhost, 3)
2023-09-05 15:43:34.940 - DBeaver is stopping
2023-09-05 15:43:34.941 - Stop instance server
2023-09-05 15:43:35.942 - DBeaver shutdown completed
