2023-09-04 09:16:11.365 - DBeaver 23.1.5.202308201919 is starting
2023-09-04 09:16:11.366 - OS: Windows 11 10.0 (amd64)
2023-09-04 09:16:11.366 - Java version: 17.0.6 by Eclipse Adoptium (64bit)
2023-09-04 09:16:11.366 - Install path: 'C:\Srpingframework\resource\dbeaver'
2023-09-04 09:16:11.367 - Instance path: 'file:/C:/Srpingframework/workspace/script/'
2023-09-04 09:16:11.367 - Memory available 64Mb/1024Mb
2023-09-04 09:16:11.392 - Create display
2023-09-04 09:16:11.515 - Initializing DBeaver 23.1.5
2023-09-04 09:16:11.515 - Host plugin: org.jkiss.dbeaver.ui.app.standalone 23.1.5.202308201919
2023-09-04 09:16:11.516 - Initialize desktop platform...
2023-09-04 09:16:11.662 - BounceCastle bundle found. Use JCE provider BC
> Start Core File Systems [org.eclipse.core.filesystem 1.10.0.v20230425-0513]
> Start Core Resource Management [org.eclipse.core.resources 3.19.0.v20230510-1240]
> Start Team Support Core [org.eclipse.team.core 3.10.0.v20230317-0901]
> Start DBeaver UI Navigator [org.jkiss.dbeaver.ui.navigator 1.0.112.202308201919]
2023-09-04 09:16:12.113 - Initialize base platform...
2023-09-04 09:16:12.157 - Platform initialized (641ms)
> Start DBeaver UI Editors - Base [org.jkiss.dbeaver.ui.editors.base 1.0.112.202308201919]
2023-09-04 09:16:12.199 - Starting instance server at http://localhost:57423
2023-09-04 09:16:12.239 - Run workbench
> Start DBeaver UI [org.jkiss.dbeaver.ui 5.1.127.202308201919]
> Start Eclipse e4 Workbench SWT [org.eclipse.e4.ui.workbench.swt 0.17.0.v20230501-1823]
> Start Eclipse Application Services [org.eclipse.e4.core.services 2.4.0.v20230429-1914]
> Start Eclipse UI Application Services [org.eclipse.e4.ui.services 1.6.0.v20230501-1823]
> Start Eclipse e4 Progress View [org.eclipse.e4.ui.progress 0.4.0.v20230501-1823]
> Start Eclipse Bindings Support [org.eclipse.e4.ui.bindings 0.14.0.v20230501-1823]
> Start Eclipse e4 core commands [org.eclipse.e4.core.commands 1.1.0.v20230501-1823]
> Start EMF XML/XMI Persistence [org.eclipse.emf.ecore.xmi 2.18.0.v20230211-1150]
> Start Eclipse CSS SWT Theme Support [org.eclipse.e4.ui.css.swt.theme 0.14.0.v20230501-1533]
> Start Eclipse e4 Workbench Add-ons [org.eclipse.e4.ui.workbench.addons.swt 1.5.0.v20230501-1823]
> Start Eclipse e4 Workbench SWT Renderer [org.eclipse.e4.ui.workbench.renderers.swt 0.16.0.v20230525-0648]
> Start Eclipse Dependency Injection Extensions [org.eclipse.e4.core.di.extensions 0.18.0.v20230429-1914]
> Start Eclipse CSS SWT Support [org.eclipse.e4.ui.css.swt 0.15.0.v20230317-0802]
> Start jna [com.sun.jna 5.13.0]
2023-09-04 09:16:32.604 - Configure workbench window
> Start DBeaver SQL Model [org.jkiss.dbeaver.model.sql 1.0.102.202308201919]
2023-09-04 09:16:32.737 - Total database drivers: 106 (106)
> Start Help System Core [org.eclipse.help 3.10.0.v20230317-0802]
2023-09-04 09:16:32.804 - Create actions
2023-09-04 09:16:32.808 - Disable Eclipse action set 'org.eclipse.ui.edit.text.actionSet.annotationNavigation'
2023-09-04 09:16:32.808 - Disable Eclipse action set 'org.eclipse.ui.WorkingSetActionSet'
2023-09-04 09:16:32.809 - Disable Eclipse action set 'org.eclipse.ui.actionSet.openFiles'
2023-09-04 09:16:33.178 - Initialize workbench window
2023-09-04 09:16:33.183 - Finish initialization
> Start Default Text Editor [org.eclipse.ui.editors 3.16.0.v20230329-1609]
> Start Text Editor Framework [org.eclipse.ui.workbench.texteditor 3.17.0.v20230316-1200]
> Start DBeaver UI Editors - Data [org.jkiss.dbeaver.ui.editors.data 1.0.112.202308201919]
Warning: NLS unused message: actions_navigator__objects in: org.jkiss.dbeaver.ui.editors.sql.internal.SQLEditorMessages
> Start DBeaver UI Editors - SQL [org.jkiss.dbeaver.ui.editors.sql 1.0.112.202308201919]
> Start DBeaver SQL Terminal [org.jkiss.dbeaver.ui.editors.sql.terminal 1.0.88.202308201919]
> Start Core Compare Support [org.eclipse.compare.core 3.8.0.v20230517-1315]
> Start Equinox Java Authentication and Authorization Service (JAAS) [org.eclipse.equinox.security 1.3.1000.v20220801-1135]
> Start Internet Connection Management UI [org.eclipse.ui.net 1.5.0.v20230317-0901]
> Start Internet Connection Management [org.eclipse.core.net 1.5.0.v20230317-0901]
> Start DBeaver Sample Database [org.jkiss.dbeaver.ext.sample.database 1.0.149.202308201919]
> Start DBeaver Tip of the day [org.jkiss.dbeaver.ext.ui.tipoftheday 1.0.118.202308201919]
> Start GEF Classic Draw2d [org.eclipse.draw2d 3.13.0.202306071707]
> Start GEF Classic GEF (MVC) [org.eclipse.gef 3.14.0.202306071707]
> Start DBeaver ERD UI [org.jkiss.dbeaver.erd.ui 3.0.72.202308201919]
> Start DBeaver ERD Model [org.jkiss.dbeaver.erd.model 1.0.72.202308201919]
> Start Console [org.eclipse.ui.console 3.12.0.v20230317-0802]
> Start Debug Core [org.eclipse.debug.core 3.21.0.v20230508-1538]
2023-09-04 09:16:35.423 - Connect with 'localhost' (oracle_thin-18a3aad3c50-229ca627a82df3a1)
> Start DBeaver JDBC Model [org.jkiss.dbeaver.model.jdbc 1.0.5.202308201919]
> Start DBeaver Oracle Model [org.jkiss.dbeaver.ext.oracle 2.1.197.202308201919]
2023-09-04 09:16:35.453 - Execution context opened (localhost; Main; 0)
2023-09-04 09:16:35.701 - Execution context opened (localhost; Metadata; 1)
2023-09-04 09:16:35.768 - Connected (oracle_thin-18a3aad3c50-229ca627a82df3a1, Oracle JDBC driver [11.2.0.2.0])
2023-09-04 09:16:35.772 - Execution context opened (localhost; SQLEditor <reply.sql>; 2)
2023-09-04 09:16:37.874 - Open [https://dbeaver.io/product/version.xml]
> Start DBeaver Tasks - Native Tools UI [org.jkiss.dbeaver.tasks.native.ui 1.0.90.202308201919]
> Start DBeaver Oracle UI [org.jkiss.dbeaver.ext.oracle.ui 1.0.99.202308201919]
> Start DBeaver Tasks - General UI [org.jkiss.dbeaver.tasks.ui 1.0.90.202308201919]
> Start DBeaver SQL Language Semantic Model [org.jkiss.dbeaver.model.lsm 1.0.7.202308201919]
2023-09-04 10:47:45.032 - Error binding callable statement parameters from metadata: 지원되지 않는 기능입니다
2023-09-04 10:47:45.032 - Error obtaining output parameters from metadata: 지원되지 않는 기능입니다
2023-09-04 10:47:45.032 - Can't obtain procedure metadata nor jdbc metadata
2023-09-04 10:47:45.322 - SQL Error [984] [42000]: ORA-00984: column not allowed here


Error position: line: 18 pos: 91
org.jkiss.dbeaver.model.sql.DBSQLException: SQL Error [984] [42000]: ORA-00984: column not allowed here

	at org.jkiss.dbeaver.model.impl.jdbc.exec.JDBCStatementImpl.executeStatement(JDBCStatementImpl.java:133)
	at org.jkiss.dbeaver.ui.editors.sql.execute.SQLQueryJob.executeStatement(SQLQueryJob.java:582)
	at org.jkiss.dbeaver.ui.editors.sql.execute.SQLQueryJob.lambda$1(SQLQueryJob.java:491)
	at org.jkiss.dbeaver.ui.editors.sql.execute.SQLQueryJob.executeSingleQuery(SQLQueryJob.java:501)
	at org.jkiss.dbeaver.ui.editors.sql.execute.SQLQueryJob.extractData(SQLQueryJob.java:934)
	at org.jkiss.dbeaver.ui.editors.sql.SQLEditor$QueryResultsContainer.readData(SQLEditor.java:3937)
	at org.jkiss.dbeaver.ui.controls.resultset.ResultSetJobDataRead.lambda$0(ResultSetJobDataRead.java:123)
	at org.jkiss.dbeaver.model.exec.DBExecUtils.tryExecuteRecover(DBExecUtils.java:190)
	at org.jkiss.dbeaver.ui.controls.resultset.ResultSetJobDataRead.run(ResultSetJobDataRead.java:121)
	at org.jkiss.dbeaver.ui.controls.resultset.ResultSetViewer$ResultSetDataPumpJob.run(ResultSetViewer.java:5142)
	at org.jkiss.dbeaver.model.runtime.AbstractJob.run(AbstractJob.java:105)
	at org.eclipse.core.internal.jobs.Worker.run(Worker.java:63)
Caused by: java.sql.SQLSyntaxErrorException: ORA-00984: column not allowed here

	at oracle.jdbc.driver.T4CTTIoer.processError(T4CTTIoer.java:440)
	at oracle.jdbc.driver.T4CTTIoer.processError(T4CTTIoer.java:396)
	at oracle.jdbc.driver.T4C8Oall.processError(T4C8Oall.java:837)
	at oracle.jdbc.driver.T4CTTIfun.receive(T4CTTIfun.java:445)
	at oracle.jdbc.driver.T4CTTIfun.doRPC(T4CTTIfun.java:191)
	at oracle.jdbc.driver.T4C8Oall.doOALL(T4C8Oall.java:523)
	at oracle.jdbc.driver.T4CStatement.doOall8(T4CStatement.java:193)
	at oracle.jdbc.driver.T4CStatement.executeForRows(T4CStatement.java:999)
	at oracle.jdbc.driver.OracleStatement.doExecuteWithTimeout(OracleStatement.java:1315)
	at oracle.jdbc.driver.OracleStatement.executeInternal(OracleStatement.java:1890)
	at oracle.jdbc.driver.OracleStatement.execute(OracleStatement.java:1855)
	at oracle.jdbc.driver.OracleStatementWrapper.execute(OracleStatementWrapper.java:304)
	at org.jkiss.dbeaver.model.impl.jdbc.exec.JDBCStatementImpl.execute(JDBCStatementImpl.java:330)
	at org.jkiss.dbeaver.model.impl.jdbc.exec.JDBCStatementImpl.executeStatement(JDBCStatementImpl.java:131)
	... 11 more
2023-09-04 10:49:21.862 - Can't parse numeric value [	<![CDATA[
			WHERE RN  > (#{pageNum} - 1) * #{amount}
		]]>] using formatter: Character array is missing "e" notation exponential mark.
2023-09-04 10:49:21.864 - Can't parse numeric value [	<![CDATA[
			WHERE RN  > (#{pageNum} - 1) * #{amount}
		]]>] using formatter: Character array is missing "e" notation exponential mark.
2023-09-04 10:49:21.865 - Can't parse numeric value [	<![CDATA[
			WHERE RN  > (#{pageNum} - 1) * #{amount}
		]]>] using formatter: Character array is missing "e" notation exponential mark.
2023-09-04 10:49:21.867 - Can't parse numeric value [	<![CDATA[
			WHERE RN  > (#{pageNum} - 1) * #{amount}
		]]>] using formatter: Character array is missing "e" notation exponential mark.
2023-09-04 10:49:21.869 - Can't parse numeric value [	<![CDATA[
			WHERE RN  > (#{pageNum} - 1) * #{amount}
		]]>] using formatter: Character array is missing "e" notation exponential mark.
2023-09-04 12:59:24.610 - System suspend detected! Reinitialize all remote connections.
2023-09-04 14:03:52.183 - System suspend detected! Reinitialize all remote connections.
2023-09-04 14:15:53.842 - ORA-01841: (full) year must be between -4713 and +9999, and not be 0

java.sql.SQLDataException: ORA-01841: (full) year must be between -4713 and +9999, and not be 0

	at oracle.jdbc.driver.T4CTTIoer.processError(T4CTTIoer.java:440)
	at oracle.jdbc.driver.T4CTTIoer.processError(T4CTTIoer.java:396)
	at oracle.jdbc.driver.T4C8Oall.processError(T4C8Oall.java:837)
	at oracle.jdbc.driver.T4CTTIfun.receive(T4CTTIfun.java:445)
	at oracle.jdbc.driver.T4CTTIfun.doRPC(T4CTTIfun.java:191)
	at oracle.jdbc.driver.T4C8Oall.doOALL(T4C8Oall.java:523)
	at oracle.jdbc.driver.T4CPreparedStatement.doOall8(T4CPreparedStatement.java:207)
	at oracle.jdbc.driver.T4CPreparedStatement.executeForRows(T4CPreparedStatement.java:1010)
	at oracle.jdbc.driver.OracleStatement.doExecuteWithTimeout(OracleStatement.java:1315)
	at oracle.jdbc.driver.OraclePreparedStatement.executeInternal(OraclePreparedStatement.java:3576)
	at oracle.jdbc.driver.OraclePreparedStatement.execute(OraclePreparedStatement.java:3677)
	at oracle.jdbc.driver.OraclePreparedStatementWrapper.execute(OraclePreparedStatementWrapper.java:1374)
	at org.jkiss.dbeaver.model.impl.jdbc.exec.JDBCPreparedStatementImpl.execute(JDBCPreparedStatementImpl.java:261)
	at org.jkiss.dbeaver.model.impl.jdbc.exec.JDBCPreparedStatementImpl.executeStatement(JDBCPreparedStatementImpl.java:205)
	at org.jkiss.dbeaver.model.impl.data.ExecuteBatchImpl.executeStatement(ExecuteBatchImpl.java:310)
	at org.jkiss.dbeaver.model.impl.data.ExecuteBatchImpl.processBatch(ExecuteBatchImpl.java:178)
	at org.jkiss.dbeaver.model.impl.data.ExecuteBatchImpl.execute(ExecuteBatchImpl.java:81)
	at org.jkiss.dbeaver.ui.controls.resultset.ResultSetPersister$DataUpdaterJob.executeStatements(ResultSetPersister.java:821)
	at org.jkiss.dbeaver.ui.controls.resultset.ResultSetPersister$DataUpdaterJob.lambda$2(ResultSetPersister.java:706)
	at org.jkiss.dbeaver.model.exec.DBExecUtils.tryExecuteRecover(DBExecUtils.java:190)
	at org.jkiss.dbeaver.ui.controls.resultset.ResultSetPersister$DataUpdaterJob.executeStatements(ResultSetPersister.java:705)
	at org.jkiss.dbeaver.ui.controls.resultset.ResultSetPersister$DataUpdaterJob.run(ResultSetPersister.java:643)
	at org.jkiss.dbeaver.model.runtime.AbstractJob.run(AbstractJob.java:105)
	at org.eclipse.core.internal.jobs.Worker.run(Worker.java:63)
2023-09-04 15:02:51.486 - System suspend detected! Reinitialize all remote connections.
2023-09-04 15:50:35.518 - Execution context closed (localhost, 2)
2023-09-04 15:50:35.763 - DBeaver is stopping
2023-09-04 15:50:35.764 - Stop instance server
2023-09-04 15:50:36.769 - DBeaver shutdown completed
